[debug] [2024-02-13T06:47:58.338Z] ----------------------------------------------------------------------
[debug] [2024-02-13T06:47:58.342Z] Command:       /usr/local/bin/node /usr/local/bin/firebase init
[debug] [2024-02-13T06:47:58.342Z] CLI Version:   12.8.0
[debug] [2024-02-13T06:47:58.343Z] Platform:      darwin
[debug] [2024-02-13T06:47:58.343Z] Node Version:  v20.11.0
[debug] [2024-02-13T06:47:58.343Z] Time:          Tue Feb 13 2024 08:47:58 GMT+0200 (Israel Standard Time)
[debug] [2024-02-13T06:47:58.343Z] ----------------------------------------------------------------------
[debug] 
[debug] [2024-02-13T06:47:58.355Z] > command requires scopes: ["email","openid","https://www.googleapis.com/auth/cloudplatformprojects.readonly","https://www.googleapis.com/auth/firebase","https://www.googleapis.com/auth/cloud-platform"]
[debug] [2024-02-13T06:47:58.356Z] > authorizing via signed-in user (danieldtarko@gmail.com)
[info] 
     ######## #### ########  ######## ########     ###     ######  ########
     ##        ##  ##     ## ##       ##     ##  ##   ##  ##       ##
     ######    ##  ########  ######   ########  #########  ######  ######
     ##        ##  ##    ##  ##       ##     ## ##     ##       ## ##
     ##       #### ##     ## ######## ########  ##     ##  ######  ########

You're about to initialize a Firebase project in this directory:

  /Users/dtarko2020/Desktop/interactive_map

[info] 
=== Project Setup
[info] 
[info] First, let's associate this project directory with a Firebase project.
[info] You can create multiple project aliases by running firebase use --add, 
[info] but for now we'll just set up a default project.
[info] 
[info] i  If you want to create a project in a Google Cloud organization or folder, please use "firebase projects:create" instead, and return to this command when you've created the project. 
[debug] [2024-02-13T06:48:41.892Z] >>> [apiv2][query] POST https://cloudresourcemanager.googleapis.com/v1/projects [none]
[debug] [2024-02-13T06:48:41.894Z] >>> [apiv2][body] POST https://cloudresourcemanager.googleapis.com/v1/projects {"projectId":"hospital_interactive_map","name":"hospital_interactive_map"}
[debug] [2024-02-13T06:48:56.897Z] *** [apiv2] error from fetch(https://cloudresourcemanager.googleapis.com/v1/projects, {"headers":{},"method":"POST","signal":{},"body":"{\"projectId\":\"hospital_interactive_map\",\"name\":\"hospital_interactive_map\"}"}): AbortError: The user aborted a request.
[debug] [2024-02-13T06:49:01.913Z] Error: Timed out.
    at Timeout._onTimeout (/usr/local/lib/node_modules/firebase-tools/lib/utils.js:254:49)
    at listOnTimeout (node:internal/timers:573:17)
    at process.processTimers (node:internal/timers:514:7)
[error] 
[error] Error: An unexpected error has occurred.
